<?xml version="1.0" encoding="utf-8"?><testsuites name="pytest tests"><testsuite name="pytest" errors="0" failures="2" skipped="0" tests="18" time="6.340" timestamp="2026-01-24T06:22:51.939492+00:00" hostname="agent-env-f4e86896-7c34-4939-b5e6-4578ca46e5b7"><testcase classname="tests.test_admin_panel.TestAdminAuthentication" name="test_admin_login_success" time="0.343" /><testcase classname="tests.test_admin_panel.TestAdminAuthentication" name="test_regular_user_login_success" time="0.358" /><testcase classname="tests.test_admin_panel.TestAdminUsersEndpoint" name="test_admin_can_get_users_list" time="0.314"><failure message="AssertionError: assert 'role' in {'company_id': '697311a171f8afcf89128115', 'created_at': '2026-01-23T06:13:52.996729+00:00', 'email': 'test_061352@example.com', 'id': '697311a071f8afcf89128113', ...}">tests/test_admin_panel.py:103: in test_admin_can_get_users_list
    assert "role" in user
E   AssertionError: assert 'role' in {'company_id': '697311a171f8afcf89128115', 'created_at': '2026-01-23T06:13:52.996729+00:00', 'email': 'test_061352@example.com', 'id': '697311a071f8afcf89128113', ...}</failure></testcase><testcase classname="tests.test_admin_panel.TestAdminUsersEndpoint" name="test_regular_user_cannot_access_admin_users" time="0.380" /><testcase classname="tests.test_admin_panel.TestAdminUsersEndpoint" name="test_unauthenticated_cannot_access_admin_users" time="0.036" /><testcase classname="tests.test_admin_panel.TestAdminUserRoleManagement" name="test_admin_can_promote_user_to_admin" time="0.310"><failure message="KeyError: 'role'">tests/test_admin_panel.py:164: in test_admin_can_promote_user_to_admin
    if user["role"] == "user":
       ^^^^^^^^^^^^
E   KeyError: 'role'</failure></testcase><testcase classname="tests.test_admin_panel.TestAdminUserRoleManagement" name="test_regular_user_cannot_change_roles" time="0.651" /><testcase classname="tests.test_admin_panel.TestAdminUserRoleManagement" name="test_invalid_role_rejected" time="0.333" /><testcase classname="tests.test_admin_panel.TestAdminEmissionFactors" name="test_admin_can_get_emission_factors" time="0.303" /><testcase classname="tests.test_admin_panel.TestAdminEmissionFactors" name="test_regular_user_cannot_access_admin_emission_factors" time="0.371" /><testcase classname="tests.test_admin_panel.TestAdminEmissionFactors" name="test_admin_can_create_emission_factor" time="0.342" /><testcase classname="tests.test_admin_panel.TestAdminEmissionFactors" name="test_admin_can_update_emission_factor" time="0.375" /><testcase classname="tests.test_admin_panel.TestAdminEmissionFactors" name="test_admin_can_delete_emission_factor" time="0.372" /><testcase classname="tests.test_admin_panel.TestAdminEmissionFactors" name="test_regular_user_cannot_create_emission_factor" time="0.339" /><testcase classname="tests.test_admin_panel.TestAdminEmissionFactorsExportImport" name="test_admin_can_export_emission_factors" time="0.364" /><testcase classname="tests.test_admin_panel.TestAdminEmissionFactorsExportImport" name="test_regular_user_cannot_export_emission_factors" time="0.334" /><testcase classname="tests.test_admin_panel.TestAdminEmissionFactorsExportImport" name="test_admin_can_import_emission_factors" time="0.304" /><testcase classname="tests.test_admin_panel.TestAdminEmissionFactorsExportImport" name="test_regular_user_cannot_import_emission_factors" time="0.376" /></testsuite></testsuites>