<?xml version="1.0" encoding="utf-8"?><testsuites name="pytest tests"><testsuite name="pytest" errors="0" failures="0" skipped="0" tests="18" time="6.072" timestamp="2026-01-24T06:23:20.125023+00:00" hostname="agent-env-f4e86896-7c34-4939-b5e6-4578ca46e5b7"><testcase classname="tests.test_admin_panel.TestAdminAuthentication" name="test_admin_login_success" time="0.318" /><testcase classname="tests.test_admin_panel.TestAdminAuthentication" name="test_regular_user_login_success" time="0.303" /><testcase classname="tests.test_admin_panel.TestAdminUsersEndpoint" name="test_admin_can_get_users_list" time="0.309" /><testcase classname="tests.test_admin_panel.TestAdminUsersEndpoint" name="test_regular_user_cannot_access_admin_users" time="0.335" /><testcase classname="tests.test_admin_panel.TestAdminUsersEndpoint" name="test_unauthenticated_cannot_access_admin_users" time="0.030" /><testcase classname="tests.test_admin_panel.TestAdminUserRoleManagement" name="test_admin_can_promote_user_to_admin" time="0.373" /><testcase classname="tests.test_admin_panel.TestAdminUserRoleManagement" name="test_regular_user_cannot_change_roles" time="0.642" /><testcase classname="tests.test_admin_panel.TestAdminUserRoleManagement" name="test_invalid_role_rejected" time="0.335" /><testcase classname="tests.test_admin_panel.TestAdminEmissionFactors" name="test_admin_can_get_emission_factors" time="0.302" /><testcase classname="tests.test_admin_panel.TestAdminEmissionFactors" name="test_regular_user_cannot_access_admin_emission_factors" time="0.330" /><testcase classname="tests.test_admin_panel.TestAdminEmissionFactors" name="test_admin_can_create_emission_factor" time="0.335" /><testcase classname="tests.test_admin_panel.TestAdminEmissionFactors" name="test_admin_can_update_emission_factor" time="0.369" /><testcase classname="tests.test_admin_panel.TestAdminEmissionFactors" name="test_admin_can_delete_emission_factor" time="0.410" /><testcase classname="tests.test_admin_panel.TestAdminEmissionFactors" name="test_regular_user_cannot_create_emission_factor" time="0.342" /><testcase classname="tests.test_admin_panel.TestAdminEmissionFactorsExportImport" name="test_admin_can_export_emission_factors" time="0.320" /><testcase classname="tests.test_admin_panel.TestAdminEmissionFactorsExportImport" name="test_regular_user_cannot_export_emission_factors" time="0.336" /><testcase classname="tests.test_admin_panel.TestAdminEmissionFactorsExportImport" name="test_admin_can_import_emission_factors" time="0.299" /><testcase classname="tests.test_admin_panel.TestAdminEmissionFactorsExportImport" name="test_regular_user_cannot_import_emission_factors" time="0.335" /></testsuite></testsuites>