<?xml version="1.0" encoding="utf-8"?><testsuites name="pytest tests"><testsuite name="pytest" errors="0" failures="0" skipped="0" tests="29" time="2.486" timestamp="2026-02-06T04:12:02.573731+00:00" hostname="agent-env-d8aee262-ddd4-4f04-a59f-1b56c1747b49"><testcase classname="tests.test_comprehensive_features.TestAuthentication" name="test_login_success" time="0.334" /><testcase classname="tests.test_comprehensive_features.TestAuthentication" name="test_login_invalid_credentials" time="0.035" /><testcase classname="tests.test_comprehensive_features.TestAuthentication" name="test_get_current_user" time="0.355" /><testcase classname="tests.test_comprehensive_features.TestDashboard" name="test_get_dashboard_summary" time="0.079" /><testcase classname="tests.test_comprehensive_features.TestDashboard" name="test_get_dashboard_kpis" time="0.077" /><testcase classname="tests.test_comprehensive_features.TestDashboard" name="test_get_fiscal_comparison" time="0.043" /><testcase classname="tests.test_comprehensive_features.TestDashboard" name="test_get_scope_breakdown" time="0.037" /><testcase classname="tests.test_comprehensive_features.TestActivities" name="test_get_activities" time="0.043" /><testcase classname="tests.test_comprehensive_features.TestActivities" name="test_get_activities_with_pagination" time="0.034" /><testcase classname="tests.test_comprehensive_features.TestProducts" name="test_get_products" time="0.035" /><testcase classname="tests.test_comprehensive_features.TestProducts" name="test_get_product_details" time="0.069" /><testcase classname="tests.test_comprehensive_features.TestEmissionFactors" name="test_get_emission_factors" time="0.149" /><testcase classname="tests.test_comprehensive_features.TestEmissionFactors" name="test_search_emission_factors" time="0.052" /><testcase classname="tests.test_comprehensive_features.TestEmissionFactors" name="test_get_factors_by_category" time="0.041" /><testcase classname="tests.test_comprehensive_features.TestReferenceData" name="test_get_categories" time="0.036" /><testcase classname="tests.test_comprehensive_features.TestReferenceData" name="test_get_subcategories" time="0.036" /><testcase classname="tests.test_comprehensive_features.TestReferenceData" name="test_get_subcategories_by_category" time="0.034" /><testcase classname="tests.test_comprehensive_features.TestFiscalYears" name="test_get_fiscal_years" time="0.036" /><testcase classname="tests.test_comprehensive_features.TestAdminPanel" name="test_get_admin_users" time="0.034" /><testcase classname="tests.test_comprehensive_features.TestAdminPanel" name="test_get_admin_subcategories" time="0.035" /><testcase classname="tests.test_comprehensive_features.TestAdminPanel" name="test_get_admin_emission_factors_v2" time="0.167" /><testcase classname="tests.test_comprehensive_features.TestExport" name="test_export_full_backup" time="0.094" /><testcase classname="tests.test_comprehensive_features.TestExport" name="test_export_emission_factors" time="0.145" /><testcase classname="tests.test_comprehensive_features.TestExport" name="test_export_reference_data" time="0.158" /><testcase classname="tests.test_comprehensive_features.TestObjectives" name="test_get_objectives" time="0.032" /><testcase classname="tests.test_comprehensive_features.TestObjectives" name="test_get_trajectory" time="0.037" /><testcase classname="tests.test_comprehensive_features.TestObjectives" name="test_get_recommendations" time="0.035" /><testcase classname="tests.test_comprehensive_features.TestProductSales" name="test_get_product_sales" time="0.068" /><testcase classname="tests.test_comprehensive_features.TestProductSales" name="test_get_product_emission_profiles" time="0.071" /></testsuite></testsuites>