<?xml version="1.0" encoding="utf-8"?><testsuites name="pytest tests"><testsuite name="pytest" errors="0" failures="3" skipped="0" tests="28" time="2.185" timestamp="2026-02-06T04:11:13.319790+00:00" hostname="agent-env-d8aee262-ddd4-4f04-a59f-1b56c1747b49"><testcase classname="tests.test_comprehensive_features.TestAuthentication" name="test_login_success" time="0.373" /><testcase classname="tests.test_comprehensive_features.TestAuthentication" name="test_login_invalid_credentials" time="0.038" /><testcase classname="tests.test_comprehensive_features.TestAuthentication" name="test_get_current_user" time="0.321" /><testcase classname="tests.test_comprehensive_features.TestDashboard" name="test_get_dashboard_summary" time="0.037" /><testcase classname="tests.test_comprehensive_features.TestDashboard" name="test_get_dashboard_kpis" time="0.035" /><testcase classname="tests.test_comprehensive_features.TestDashboard" name="test_get_fiscal_comparison" time="0.038" /><testcase classname="tests.test_comprehensive_features.TestDashboard" name="test_get_scope_breakdown" time="0.038" /><testcase classname="tests.test_comprehensive_features.TestActivities" name="test_get_activities" time="0.046" /><testcase classname="tests.test_comprehensive_features.TestActivities" name="test_get_activities_with_pagination" time="0.039"><failure message="AssertionError: assert 'total' in {'data': [{'calculated_emissions': 2.8281150000000004, 'category_id': 'electricite', 'comments': None, 'company_id': '69731b2bdc468b41d87a171b', ...}, {'calculated_emissions': 33850.0, 'category_id': 'combustion_mobile', 'comments': '', 'company_id': '69731b2bdc468b41d87a171b', ...}, {'calculated_emissions': 475.5, 'category_id': 'combustion_fixe', 'comments': '', 'company_id': '69731b2bdc468b41d87a171b', ...}, {'calculated_emissions': 50.0, 'category_id': 'transformation_produits', 'company_id': '69731b2bdc468b41d87a171b', 'created_at': '2026-01-27T19:53:31.861986+00:00', ...}, {'calculated_emissions': 100.0, 'category_id': 'utilisation_produits', 'company_id': '69731b2bdc468b41d87a171b', 'created_at': '2026-01-27T19:53:31.862347+00:00', ...}, {'calculated_emissions': 25.0, 'category_id': 'fin_vie_produits', 'company_id': '69731b2bdc468b41d87a171b', 'created_at': '2026-01-27T19:53:31.862575+00:00', ...}, ...], 'pagination': {'limit': 10, 'page': 1, 'pages': 11, 'total': 102}}">tests/test_comprehensive_features.py:119: in test_get_activities_with_pagination
    assert "total" in data
E   AssertionError: assert 'total' in {'data': [{'calculated_emissions': 2.8281150000000004, 'category_id': 'electricite', 'comments': None, 'company_id': '69731b2bdc468b41d87a171b', ...}, {'calculated_emissions': 33850.0, 'category_id': 'combustion_mobile', 'comments': '', 'company_id': '69731b2bdc468b41d87a171b', ...}, {'calculated_emissions': 475.5, 'category_id': 'combustion_fixe', 'comments': '', 'company_id': '69731b2bdc468b41d87a171b', ...}, {'calculated_emissions': 50.0, 'category_id': 'transformation_produits', 'company_id': '69731b2bdc468b41d87a171b', 'created_at': '2026-01-27T19:53:31.861986+00:00', ...}, {'calculated_emissions': 100.0, 'category_id': 'utilisation_produits', 'company_id': '69731b2bdc468b41d87a171b', 'created_at': '2026-01-27T19:53:31.862347+00:00', ...}, {'calculated_emissions': 25.0, 'category_id': 'fin_vie_produits', 'company_id': '69731b2bdc468b41d87a171b', 'created_at': '2026-01-27T19:53:31.862575+00:00', ...}, ...], 'pagination': {'limit': 10, 'page': 1, 'pages': 11, 'total': 102}}</failure></testcase><testcase classname="tests.test_comprehensive_features.TestProducts" name="test_get_products" time="0.033" /><testcase classname="tests.test_comprehensive_features.TestProducts" name="test_get_product_details" time="0.078" /><testcase classname="tests.test_comprehensive_features.TestEmissionFactors" name="test_get_emission_factors" time="0.156" /><testcase classname="tests.test_comprehensive_features.TestEmissionFactors" name="test_search_emission_factors" time="0.051" /><testcase classname="tests.test_comprehensive_features.TestEmissionFactors" name="test_get_factors_by_category" time="0.035" /><testcase classname="tests.test_comprehensive_features.TestReferenceData" name="test_get_categories" time="0.038" /><testcase classname="tests.test_comprehensive_features.TestReferenceData" name="test_get_subcategories" time="0.032" /><testcase classname="tests.test_comprehensive_features.TestReferenceData" name="test_get_subcategories_by_category" time="0.035" /><testcase classname="tests.test_comprehensive_features.TestFiscalYears" name="test_get_fiscal_years" time="0.038" /><testcase classname="tests.test_comprehensive_features.TestAdminPanel" name="test_get_admin_users" time="0.036" /><testcase classname="tests.test_comprehensive_features.TestAdminPanel" name="test_get_admin_subcategories" time="0.039" /><testcase classname="tests.test_comprehensive_features.TestAdminPanel" name="test_get_admin_emission_factors_v2" time="0.166" /><testcase classname="tests.test_comprehensive_features.TestExport" name="test_export_all_data" time="0.035"><failure message="assert 404 == 200&#10; +  where 404 = &lt;Response [404]&gt;.status_code">tests/test_comprehensive_features.py:253: in test_export_all_data
    assert response.status_code == 200
E   assert 404 == 200
E    +  where 404 = &lt;Response [404]&gt;.status_code</failure></testcase><testcase classname="tests.test_comprehensive_features.TestExport" name="test_export_emission_factors" time="0.034"><failure message="assert 405 == 200&#10; +  where 405 = &lt;Response [405]&gt;.status_code">tests/test_comprehensive_features.py:261: in test_export_emission_factors
    assert response.status_code == 200
E   assert 405 == 200
E    +  where 405 = &lt;Response [405]&gt;.status_code</failure></testcase><testcase classname="tests.test_comprehensive_features.TestObjectives" name="test_get_objectives" time="0.033" /><testcase classname="tests.test_comprehensive_features.TestObjectives" name="test_get_trajectory" time="0.037" /><testcase classname="tests.test_comprehensive_features.TestObjectives" name="test_get_recommendations" time="0.035" /><testcase classname="tests.test_comprehensive_features.TestProductSales" name="test_get_product_sales" time="0.070" /><testcase classname="tests.test_comprehensive_features.TestProductSales" name="test_get_product_emission_profiles" time="0.067" /></testsuite></testsuites>