<?xml version="1.0" encoding="utf-8"?><testsuites name="pytest tests"><testsuite name="pytest" errors="0" failures="1" skipped="0" tests="9" time="3.704" timestamp="2026-02-08T23:10:25.313313+00:00" hostname="agent-env-d8f927f2-af2c-46a8-88c0-acc0e343cbbb"><testcase classname="tests.test_dashboard_scope_normalization.TestNormalizeScopeForReportingFunction" name="test_scope1_maps_to_scope1" time="0.505" /><testcase classname="tests.test_dashboard_scope_normalization.TestNormalizeScopeForReportingFunction" name="test_scope2_maps_to_scope2" time="0.280" /><testcase classname="tests.test_dashboard_scope_normalization.TestNormalizeScopeForReportingFunction" name="test_scope3_3_maps_to_scope3_amont" time="0.410" /><testcase classname="tests.test_dashboard_scope_normalization.TestNormalizeScopeForReportingFunction" name="test_scope3_generic_maps_to_scope3_amont_for_amont_category" time="0.446" /><testcase classname="tests.test_dashboard_scope_normalization.TestDashboardSummaryWithMultiImpacts" name="test_scope1_entry_chaudiere_mazout_100k_mj" time="0.434" /><testcase classname="tests.test_dashboard_scope_normalization.TestDashboardSummaryWithMultiImpacts" name="test_scope3_entry_scooter_1k_pkm" time="0.434" /><testcase classname="tests.test_dashboard_scope_normalization.TestFiscalComparisonWithScopeNormalization" name="test_fiscal_comparison_includes_scope3_3_in_scope3_amont" time="0.332" /><testcase classname="tests.test_dashboard_scope_normalization.TestDashboardScopeBreakdown" name="test_scope_breakdown_structure" time="0.355" /><testcase classname="tests.test_dashboard_scope_normalization.TestDashboardKPIsWithScopeNormalization" name="test_kpis_current_emissions_includes_all_scopes" time="0.399"><failure message="AssertionError: KPIs current_emissions (1251600.46) should match dashboard total (2017396.7597)&#10;assert 765796.2997000001 &lt; 1&#10; +  where 765796.2997000001 = abs((1251600.46 - 2017396.7597))">tests/test_dashboard_scope_normalization.py:520: in test_kpis_current_emissions_includes_all_scopes
    assert abs(kpis["current_emissions"] - summary["total_emissions"]) &lt; 1, \
E   AssertionError: KPIs current_emissions (1251600.46) should match dashboard total (2017396.7597)
E   assert 765796.2997000001 &lt; 1
E    +  where 765796.2997000001 = abs((1251600.46 - 2017396.7597))</failure></testcase></testsuite></testsuites>