<?xml version="1.0" encoding="utf-8"?><testsuites name="pytest tests"><testsuite name="pytest" errors="0" failures="0" skipped="0" tests="20" time="1.378" timestamp="2026-02-06T06:12:13.444069+00:00" hostname="agent-env-00a6c636-0f0f-4a40-9f5b-a2fa07ae7b4d"><testcase classname="backend.tests.test_dashboard_results.TestDashboardSummary" name="test_get_summary_returns_200" time="0.370" /><testcase classname="backend.tests.test_dashboard_results.TestDashboardSummary" name="test_summary_has_total_emissions" time="0.081" /><testcase classname="backend.tests.test_dashboard_results.TestDashboardSummary" name="test_summary_has_scope_emissions" time="0.040" /><testcase classname="backend.tests.test_dashboard_results.TestDashboardSummary" name="test_summary_has_scope_completion" time="0.077" /><testcase classname="backend.tests.test_dashboard_results.TestDashboardSummary" name="test_summary_with_fiscal_year_filter" time="0.078" /><testcase classname="backend.tests.test_dashboard_results.TestDashboardKPIs" name="test_get_kpis_returns_200" time="0.042" /><testcase classname="backend.tests.test_dashboard_results.TestDashboardKPIs" name="test_kpis_has_current_emissions" time="0.042" /><testcase classname="backend.tests.test_dashboard_results.TestDashboardKPIs" name="test_kpis_has_emissions_per_revenue" time="0.035" /><testcase classname="backend.tests.test_dashboard_results.TestDashboardKPIs" name="test_kpis_has_year_over_year_change" time="0.036" /><testcase classname="backend.tests.test_dashboard_results.TestDashboardKPIs" name="test_kpis_has_fiscal_year_info" time="0.039" /><testcase classname="backend.tests.test_dashboard_results.TestDashboardFiscalComparison" name="test_get_fiscal_comparison_returns_200" time="0.042" /><testcase classname="backend.tests.test_dashboard_results.TestDashboardFiscalComparison" name="test_fiscal_comparison_returns_list" time="0.038" /><testcase classname="backend.tests.test_dashboard_results.TestDashboardFiscalComparison" name="test_fiscal_comparison_has_required_fields" time="0.041" /><testcase classname="backend.tests.test_dashboard_results.TestDashboardFiscalComparison" name="test_fiscal_comparison_has_multiple_years" time="0.040" /><testcase classname="backend.tests.test_dashboard_results.TestDashboardScopeBreakdown" name="test_get_scope_breakdown_current_returns_200" time="0.034" /><testcase classname="backend.tests.test_dashboard_results.TestDashboardScopeBreakdown" name="test_scope_breakdown_has_scopes" time="0.037" /><testcase classname="backend.tests.test_dashboard_results.TestDashboardScopeBreakdown" name="test_scope_breakdown_has_categories_for_drilldown" time="0.037" /><testcase classname="backend.tests.test_dashboard_results.TestDashboardScopeBreakdown" name="test_scope_breakdown_with_specific_fiscal_year" time="0.112" /><testcase classname="backend.tests.test_dashboard_results.TestDashboardScopeBreakdown" name="test_scope_breakdown_has_total" time="0.037" /><testcase classname="backend.tests.test_dashboard_results.TestTop10Subcategories" name="test_scope_breakdown_provides_category_data" time="0.036" /></testsuite></testsuites>