<?xml version="1.0" encoding="utf-8"?><testsuites name="pytest tests"><testsuite name="pytest" errors="0" failures="0" skipped="0" tests="9" time="3.698" timestamp="2026-02-08T22:49:26.776258+00:00" hostname="agent-env-d8f927f2-af2c-46a8-88c0-acc0e343cbbb"><testcase classname="tests.test_ghg_protocol_rules.TestGHGProtocolRulesWithSpecificFactors" name="test_chaudiere_mazout_factor_structure" time="0.461" /><testcase classname="tests.test_ghg_protocol_rules.TestGHGProtocolRulesWithSpecificFactors" name="test_gaz_naturel_factor_structure" time="0.368" /><testcase classname="tests.test_ghg_protocol_rules.TestGHGProtocolRulesWithSpecificFactors" name="test_scooter_euro5_factor_structure" time="0.361" /><testcase classname="tests.test_ghg_protocol_rules.TestGHGProtocolRulesWithSpecificFactors" name="test_scope1_entry_chaudiere_mazout_creates_scope1_and_scope3_3" time="0.406" /><testcase classname="tests.test_ghg_protocol_rules.TestGHGProtocolRulesWithSpecificFactors" name="test_scope2_entry_gaz_naturel_creates_scope2_and_scope3_3" time="0.399" /><testcase classname="tests.test_ghg_protocol_rules.TestGHGProtocolRulesWithSpecificFactors" name="test_scope3_entry_scooter_creates_only_scope3" time="0.434" /><testcase classname="tests.test_ghg_protocol_rules.TestGHGProtocolRulesWithSpecificFactors" name="test_scope3_3_activity_has_correct_category_for_display" time="0.405" /><testcase classname="tests.test_ghg_protocol_rules.TestGHGProtocolRulesWithSpecificFactors" name="test_scope3_3_appears_in_correct_table_view_filter" time="0.438" /><testcase classname="tests.test_ghg_protocol_rules.TestZeroValueImpactExclusion" name="test_scooter_scope2_zero_value_excluded" time="0.354" /></testsuite></testsuites>