<?xml version="1.0" encoding="utf-8"?><testsuites name="pytest tests"><testsuite name="pytest" errors="0" failures="0" skipped="0" tests="9" time="3.955" timestamp="2026-02-08T22:07:35.753704+00:00" hostname="agent-env-d8f927f2-af2c-46a8-88c0-acc0e343cbbb"><testcase classname="tests.test_multi_impacts.TestMultiImpactsBusinessRules" name="test_hydro_factor_has_multi_impacts" time="0.542" /><testcase classname="tests.test_multi_impacts.TestMultiImpactsBusinessRules" name="test_scope2_entry_creates_scope2_and_scope3_3_activities" time="0.448" /><testcase classname="tests.test_multi_impacts.TestMultiImpactsBusinessRules" name="test_scope3_3_entry_creates_only_scope3_3_activity" time="0.411" /><testcase classname="tests.test_multi_impacts.TestMultiImpactsBusinessRules" name="test_scope3_generic_entry_creates_only_scope3_activity" time="0.403" /><testcase classname="tests.test_multi_impacts.TestMultiImpactsBusinessRules" name="test_scope1_entry_creates_scope1_and_scope3_3_activities" time="0.444" /><testcase classname="tests.test_multi_impacts.TestMultiImpactsBusinessRules" name="test_normalize_scope_function" time="0.443" /><testcase classname="tests.test_multi_impacts.TestMultiImpactsBusinessRules" name="test_zero_value_impacts_excluded" time="0.374" /><testcase classname="tests.test_multi_impacts.TestActivityGroupOperations" name="test_get_activity_group" time="0.434" /><testcase classname="tests.test_multi_impacts.TestActivityGroupOperations" name="test_delete_activity_group" time="0.387" /></testsuite></testsuites>