<?xml version="1.0" encoding="utf-8"?><testsuites name="pytest tests"><testsuite name="pytest" errors="0" failures="0" skipped="0" tests="16" time="6.052" timestamp="2026-01-24T08:39:38.182310+00:00" hostname="agent-env-f4e86896-7c34-4939-b5e6-4578ca46e5b7"><testcase classname="backend.tests.test_phase4_features.TestAdminSubcategories" name="test_get_subcategories" time="0.335" /><testcase classname="backend.tests.test_phase4_features.TestAdminSubcategories" name="test_create_subcategory" time="0.384" /><testcase classname="backend.tests.test_phase4_features.TestAdminSubcategories" name="test_update_subcategory" time="0.384" /><testcase classname="backend.tests.test_phase4_features.TestAdminSubcategories" name="test_delete_subcategory" time="0.418" /><testcase classname="backend.tests.test_phase4_features.TestAdminEmissionFactorsV2" name="test_get_emission_factors_v2" time="0.312" /><testcase classname="backend.tests.test_phase4_features.TestAdminEmissionFactorsV2" name="test_create_emission_factor_v2_with_multi_impacts" time="0.385" /><testcase classname="backend.tests.test_phase4_features.TestAdminEmissionFactorsV2" name="test_update_emission_factor_v2" time="0.377" /><testcase classname="backend.tests.test_phase4_features.TestAdminEmissionFactorsV2" name="test_export_v2_factors" time="0.306" /><testcase classname="backend.tests.test_phase4_features.TestPublicSubcategoriesAndFactors" name="test_get_subcategories_by_category" time="0.304" /><testcase classname="backend.tests.test_phase4_features.TestPublicSubcategoriesAndFactors" name="test_search_emission_factors_by_subcategory" time="0.301" /><testcase classname="backend.tests.test_phase4_features.TestPublicSubcategoriesAndFactors" name="test_search_emission_factors_by_unit" time="0.314" /><testcase classname="backend.tests.test_phase4_features.TestPublicSubcategoriesAndFactors" name="test_get_unit_conversions" time="0.307" /><testcase classname="backend.tests.test_phase4_features.TestMultiImpactActivityCreation" name="test_create_activity_with_multi_impact_factor_scope1" time="0.619" /><testcase classname="backend.tests.test_phase4_features.TestMultiImpactActivityCreation" name="test_business_rule_scope3_excludes_scope12_and_33" time="0.635" /><testcase classname="backend.tests.test_phase4_features.TestFactorsTableDisplay" name="test_factors_have_required_fields" time="0.307" /><testcase classname="backend.tests.test_phase4_features.TestSubcategoriesTableDisplay" name="test_subcategories_have_required_fields" time="0.307" /></testsuite></testsuites>