<?xml version="1.0" encoding="utf-8"?><testsuites name="pytest tests"><testsuite name="pytest" errors="0" failures="0" skipped="0" tests="9" time="1.399" timestamp="2026-01-27T19:51:39.829777+00:00" hostname="agent-env-39611189-ce19-4e89-be8d-ec2015476d95"><testcase classname="test_product_sales.TestProductSaleCreationWithSaleId" name="test_create_sale_generates_sale_id" time="0.421" /><testcase classname="test_product_sales.TestProductSaleCreationWithSaleId" name="test_sale_activities_have_sale_id" time="0.126" /><testcase classname="test_product_sales.TestProductSalesList" name="test_get_product_sales_list" time="0.045" /><testcase classname="test_product_sales.TestProductSaleUpdate" name="test_update_sale_quantity" time="0.124" /><testcase classname="test_product_sales.TestProductSaleUpdate" name="test_update_nonexistent_sale" time="0.040" /><testcase classname="test_product_sales.TestProductSaleDeletion" name="test_delete_sale_removes_all_activities" time="0.226" /><testcase classname="test_product_sales.TestProductSaleDeletion" name="test_delete_nonexistent_sale" time="0.043" /><testcase classname="test_product_sales.TestProductTotalSalesTracking" name="test_total_sales_increments_on_create" time="0.124" /><testcase classname="test_product_sales.TestProductTotalSalesTracking" name="test_total_sales_adjusted_on_update" time="0.209" /></testsuite></testsuites>