<?xml version="1.0" encoding="utf-8"?><testsuites name="pytest tests"><testsuite name="pytest" errors="0" failures="0" skipped="0" tests="29" time="3.935" timestamp="2026-01-23T10:40:43.175764+00:00" hostname="agent-env-ebe182d9-bef7-41b7-8f57-e7a339d15efd"><testcase classname="backend.tests.test_carbon_api.TestHealthCheck" name="test_health_endpoint" time="0.059" /><testcase classname="backend.tests.test_carbon_api.TestAuthentication" name="test_login_success" time="0.272" /><testcase classname="backend.tests.test_carbon_api.TestAuthentication" name="test_login_invalid_credentials" time="0.074" /><testcase classname="backend.tests.test_carbon_api.TestAuthentication" name="test_get_current_user" time="0.319" /><testcase classname="backend.tests.test_carbon_api.TestCategories" name="test_get_categories" time="0.032" /><testcase classname="backend.tests.test_carbon_api.TestSubcategories" name="test_get_subcategories" time="0.032" /><testcase classname="backend.tests.test_carbon_api.TestSubcategories" name="test_get_subcategories_by_category" time="0.033" /><testcase classname="backend.tests.test_carbon_api.TestEmissionFactors" name="test_get_emission_factors" time="0.037" /><testcase classname="backend.tests.test_carbon_api.TestEmissionFactors" name="test_search_emission_factors" time="0.041" /><testcase classname="backend.tests.test_carbon_api.TestActivities" name="test_get_activities" time="0.304" /><testcase classname="backend.tests.test_carbon_api.TestActivities" name="test_get_activities_by_scope" time="0.308" /><testcase classname="backend.tests.test_carbon_api.TestDashboard" name="test_get_dashboard_summary" time="0.310" /><testcase classname="backend.tests.test_carbon_api.TestDashboard" name="test_get_category_stats" time="0.303" /><testcase classname="backend.tests.test_carbon_api.TestCompany" name="test_get_company" time="0.309" /><testcase classname="backend.tests.test_carbon_api.TestActivityUpdate" name="test_update_activity_endpoint_exists" time="0.336" /><testcase classname="backend.tests.test_product_lifecycle.TestEmissionFactorsForProducts" name="test_get_materials_emission_factors" time="0.033" /><testcase classname="backend.tests.test_product_lifecycle.TestEmissionFactorsForProducts" name="test_get_treatment_emission_factors" time="0.029" /><testcase classname="backend.tests.test_product_lifecycle.TestEmissionFactorsForProducts" name="test_get_refrigerant_emission_factors" time="0.032" /><testcase classname="backend.tests.test_product_lifecycle.TestEmissionFactorsForProducts" name="test_get_electricity_emission_factors" time="0.031" /><testcase classname="backend.tests.test_product_lifecycle.TestEmissionFactorsForProducts" name="test_get_factors_by_tags_combustible" time="0.036" /><testcase classname="backend.tests.test_product_lifecycle.TestEmissionFactorsForProducts" name="test_get_factors_by_tags_carburant" time="0.029" /><testcase classname="backend.tests.test_product_lifecycle.TestProductEnhancedCRUD" name="test_create_enhanced_product_finished" time="0.414" /><testcase classname="backend.tests.test_product_lifecycle.TestProductEnhancedCRUD" name="test_create_enhanced_product_semi_finished" time="0.139" /><testcase classname="backend.tests.test_product_lifecycle.TestProductEnhancedCRUD" name="test_get_products_list" time="0.033" /><testcase classname="backend.tests.test_product_lifecycle.TestProductEnhancedCRUD" name="test_get_single_product" time="0.070" /><testcase classname="backend.tests.test_product_lifecycle.TestProductSales" name="test_record_product_sale_enhanced" time="0.067" /><testcase classname="backend.tests.test_product_lifecycle.TestProductSales" name="test_verify_scope3_aval_activities" time="0.031" /><testcase classname="backend.tests.test_product_lifecycle.TestProductSaleCategories" name="test_scope3_aval_categories_exist" time="0.033" /><testcase classname="backend.tests.test_product_lifecycle.TestCleanup" name="test_cleanup_test_products" time="0.130" /></testsuite></testsuites>