<?xml version="1.0" encoding="utf-8"?><testsuites name="pytest tests"><testsuite name="pytest" errors="0" failures="0" skipped="0" tests="15" time="2.950" timestamp="2026-01-23T09:54:21.351128+00:00" hostname="agent-env-ebe182d9-bef7-41b7-8f57-e7a339d15efd"><testcase classname="backend.tests.test_carbon_api.TestHealthCheck" name="test_health_endpoint" time="0.074" /><testcase classname="backend.tests.test_carbon_api.TestAuthentication" name="test_login_success" time="0.341" /><testcase classname="backend.tests.test_carbon_api.TestAuthentication" name="test_login_invalid_credentials" time="0.039" /><testcase classname="backend.tests.test_carbon_api.TestAuthentication" name="test_get_current_user" time="0.312" /><testcase classname="backend.tests.test_carbon_api.TestCategories" name="test_get_categories" time="0.038" /><testcase classname="backend.tests.test_carbon_api.TestSubcategories" name="test_get_subcategories" time="0.039" /><testcase classname="backend.tests.test_carbon_api.TestSubcategories" name="test_get_subcategories_by_category" time="0.040" /><testcase classname="backend.tests.test_carbon_api.TestEmissionFactors" name="test_get_emission_factors" time="0.035" /><testcase classname="backend.tests.test_carbon_api.TestEmissionFactors" name="test_search_emission_factors" time="0.034" /><testcase classname="backend.tests.test_carbon_api.TestActivities" name="test_get_activities" time="0.308" /><testcase classname="backend.tests.test_carbon_api.TestActivities" name="test_get_activities_by_scope" time="0.313" /><testcase classname="backend.tests.test_carbon_api.TestDashboard" name="test_get_dashboard_summary" time="0.307" /><testcase classname="backend.tests.test_carbon_api.TestDashboard" name="test_get_category_stats" time="0.308" /><testcase classname="backend.tests.test_carbon_api.TestCompany" name="test_get_company" time="0.301" /><testcase classname="backend.tests.test_carbon_api.TestActivityUpdate" name="test_update_activity_endpoint_exists" time="0.340" /></testsuite></testsuites>