<?xml version="1.0" encoding="utf-8"?><testsuites name="pytest tests"><testsuite name="pytest" errors="0" failures="0" skipped="0" tests="27" time="10.735" timestamp="2026-02-08T23:10:45.758874+00:00" hostname="agent-env-d8f927f2-af2c-46a8-88c0-acc0e343cbbb"><testcase classname="tests.test_dashboard_scope_normalization.TestNormalizeScopeForReportingFunction" name="test_scope1_maps_to_scope1" time="0.449" /><testcase classname="tests.test_dashboard_scope_normalization.TestNormalizeScopeForReportingFunction" name="test_scope2_maps_to_scope2" time="0.275" /><testcase classname="tests.test_dashboard_scope_normalization.TestNormalizeScopeForReportingFunction" name="test_scope3_3_maps_to_scope3_amont" time="0.410" /><testcase classname="tests.test_dashboard_scope_normalization.TestNormalizeScopeForReportingFunction" name="test_scope3_generic_maps_to_scope3_amont_for_amont_category" time="0.409" /><testcase classname="tests.test_dashboard_scope_normalization.TestDashboardSummaryWithMultiImpacts" name="test_scope1_entry_chaudiere_mazout_100k_mj" time="0.469" /><testcase classname="tests.test_dashboard_scope_normalization.TestDashboardSummaryWithMultiImpacts" name="test_scope3_entry_scooter_1k_pkm" time="0.470" /><testcase classname="tests.test_dashboard_scope_normalization.TestFiscalComparisonWithScopeNormalization" name="test_fiscal_comparison_includes_scope3_3_in_scope3_amont" time="0.317" /><testcase classname="tests.test_dashboard_scope_normalization.TestDashboardScopeBreakdown" name="test_scope_breakdown_structure" time="0.347" /><testcase classname="tests.test_dashboard_scope_normalization.TestDashboardKPIsWithScopeNormalization" name="test_kpis_current_emissions_includes_all_scopes" time="0.328" /><testcase classname="tests.test_multi_impacts.TestMultiImpactsBusinessRules" name="test_hydro_factor_has_multi_impacts" time="0.357" /><testcase classname="tests.test_multi_impacts.TestMultiImpactsBusinessRules" name="test_scope2_entry_creates_scope2_and_scope3_3_activities" time="0.398" /><testcase classname="tests.test_multi_impacts.TestMultiImpactsBusinessRules" name="test_scope3_3_entry_creates_only_scope3_3_activity" time="0.396" /><testcase classname="tests.test_multi_impacts.TestMultiImpactsBusinessRules" name="test_scope3_generic_entry_creates_only_scope3_activity" time="0.414" /><testcase classname="tests.test_multi_impacts.TestMultiImpactsBusinessRules" name="test_scope1_entry_creates_scope1_and_scope3_3_activities" time="0.418" /><testcase classname="tests.test_multi_impacts.TestMultiImpactsBusinessRules" name="test_normalize_scope_function" time="0.416" /><testcase classname="tests.test_multi_impacts.TestMultiImpactsBusinessRules" name="test_zero_value_impacts_excluded" time="0.366" /><testcase classname="tests.test_multi_impacts.TestActivityGroupOperations" name="test_get_activity_group" time="0.388" /><testcase classname="tests.test_multi_impacts.TestActivityGroupOperations" name="test_delete_activity_group" time="0.429" /><testcase classname="tests.test_ghg_protocol_rules.TestGHGProtocolRulesWithSpecificFactors" name="test_chaudiere_mazout_factor_structure" time="0.367" /><testcase classname="tests.test_ghg_protocol_rules.TestGHGProtocolRulesWithSpecificFactors" name="test_gaz_naturel_factor_structure" time="0.373" /><testcase classname="tests.test_ghg_protocol_rules.TestGHGProtocolRulesWithSpecificFactors" name="test_scooter_euro5_factor_structure" time="0.373" /><testcase classname="tests.test_ghg_protocol_rules.TestGHGProtocolRulesWithSpecificFactors" name="test_scope1_entry_chaudiere_mazout_creates_scope1_and_scope3_3" time="0.397" /><testcase classname="tests.test_ghg_protocol_rules.TestGHGProtocolRulesWithSpecificFactors" name="test_scope2_entry_gaz_naturel_creates_scope2_and_scope3_3" time="0.391" /><testcase classname="tests.test_ghg_protocol_rules.TestGHGProtocolRulesWithSpecificFactors" name="test_scope3_entry_scooter_creates_only_scope3" time="0.440" /><testcase classname="tests.test_ghg_protocol_rules.TestGHGProtocolRulesWithSpecificFactors" name="test_scope3_3_activity_has_correct_category_for_display" time="0.419" /><testcase classname="tests.test_ghg_protocol_rules.TestGHGProtocolRulesWithSpecificFactors" name="test_scope3_3_appears_in_correct_table_view_filter" time="0.476" /><testcase classname="tests.test_ghg_protocol_rules.TestZeroValueImpactExclusion" name="test_scooter_scope2_zero_value_excluded" time="0.346" /></testsuite></testsuites>