<?xml version="1.0" encoding="utf-8"?><testsuites name="pytest tests"><testsuite name="pytest" errors="0" failures="0" skipped="0" tests="9" time="3.603" timestamp="2026-02-25T01:32:27.762406+00:00" hostname="agent-env-c6b8f8cb-d615-4bed-9cda-8019f84cacb6"><testcase classname="tests.test_unit_conversion.TestUnitDimensionsEndpoint" name="test_get_unit_dimensions_returns_5_dimensions" time="0.172" /><testcase classname="tests.test_unit_conversion.TestUnitDimensionsEndpoint" name="test_energy_dimension_has_correct_units" time="0.121" /><testcase classname="tests.test_unit_conversion.TestUnitDimensionsEndpoint" name="test_distance_dimension_has_correct_units" time="0.121" /><testcase classname="tests.test_unit_conversion.TestUnitDimensionsEndpoint" name="test_mass_dimension_has_correct_units" time="0.119" /><testcase classname="tests.test_unit_conversion.TestUnitDimensionsEndpoint" name="test_volume_dimension_has_correct_units" time="0.118" /><testcase classname="tests.test_unit_conversion.TestUnitDimensionsEndpoint" name="test_monetary_dimension_has_correct_units" time="0.171" /><testcase classname="tests.test_unit_conversion.TestActivityWithConversion" name="test_create_activity_with_conversion_fields" time="0.952" /><testcase classname="tests.test_unit_conversion.TestActivityWithConversion" name="test_activity_without_conversion" time="0.855" /><testcase classname="tests.test_unit_conversion.TestEndToEndConversion" name="test_gj_to_mj_emissions_calculation" time="0.933" /></testsuite></testsuites>